Error output: [ERROR]: Could not open or read from file
         V:\ptconsole\webroot_cfmlapps\cfmlWebContext_1\ptconsole\working\input\00x39321600y-26214400.jpg:
         00x39321600y-26214400.jpg is not a PGX file
[ERROR]: Use '-debug' option for more details

Error output: [ERROR]: Could not open or read from file
         V:\ptconsole\webroot_cfmlapps\cfmlWebContext_1\ptconsole\working\input\00x39321600y-26214400.jpg:
         00x39321600y-26214400.jpg is not a PGX file
[ERROR]: Use '-debug' option for more details

Error output: [ERROR]: Could not open or read from file
         V:\ptconsole\webroot_cfmlapps\cfmlWebContext_1\ptconsole\working\input\00x39321600y-26214400.jpg:
         00x39321600y-26214400.jpg is not a PGX file
[ERROR]: Use '-debug' option for more details

Error output: [ERROR]: Could not open or read from file
         V:\ptconsole\webroot_cfmlapps\cfmlWebContext_1\ptconsole\working\input\00x39321600y-26214400.jpg:
         00x39321600y-26214400.jpg is not a PGX file
[ERROR]: Use '-debug' option for more details

Error output: [ERROR]: Could not open or read from file
         V:\ptconsole\webroot_cfmlapps\cfmlWebContext_1\ptconsole\working\input\00x39321600y-26214400.jpg:
         00x39321600y-26214400.jpg is not a PGX file
[ERROR]: Use '-debug' option for more details

Error output: [ERROR]: Could not open or read from file
         V:\ptconsole\webroot_cfmlapps\cfmlWebContext_1\ptconsole\working\input\00x39321600y-26214400.jpg:
         00x39321600y-26214400.jpg is not a PGX file
[ERROR]: Use '-debug' option for more details

Error output: [ERROR]: Could not open or read from file
         V:\ptconsole\webroot_cfmlapps\cfmlWebContext_1\ptconsole\working\input\00x39321600y-26214400.jpg:
         00x39321600y-26214400.jpg is not a PGX file
[ERROR]: Use '-debug' option for more details

Error output: [ERROR]: Could not open or read from file
         V:\ptconsole\webroot_cfmlapps\cfmlWebContext_1\ptconsole\working\input\00x39321600y-26214400.jpg:
         00x39321600y-26214400.jpg is not a PGX file
[ERROR]: Use '-debug' option for more details

Error output: [ERROR]: Could not open or read from file
         V:\ptconsole\webroot_cfmlapps\cfmlWebContext_1\ptconsole\working\input\00x39321600y-26214400.jpg:
         00x39321600y-26214400.jpg is not a PGX file
[ERROR]: Use '-debug' option for more details

Error output: [ERROR]: Could not open or read from file
         V:\ptconsole\webroot_cfmlapps\cfmlWebContext_1\ptconsole\working\input\00x39321600y-26214400.jpg:
         00x39321600y-26214400.jpg is not a PGX file
[ERROR]: Use '-debug' option for more details

Error output: [ERROR]: Could not open or read from file
         V:\ptconsole\webroot_cfmlapps\cfmlWebContext_1\ptconsole\working\input\00x39321600y-26214400.jpg:
         00x39321600y-26214400.jpg is not a PGX file
[ERROR]: Use '-debug' option for more details

Error output: 
Error output: 
Error output: 
Error output: 
Error output: 
Error output: 
Error output: 
Error output: 
Error output: 
Error output: 
Error output: [ERROR]: An uncaught runtime exception has occurred: null
[ERROR]: Use '-debug' option for more details

Error output: [ERROR]: An uncaught runtime exception has occurred: null
[ERROR]: Use '-debug' option for more details

Error output: [ERROR]: An uncaught runtime exception has occurred: null
[ERROR]: Use '-debug' option for more details

Error output: [ERROR]: An uncaught runtime exception has occurred: null
[ERROR]: Use '-debug' option for more details

Error output: [ERROR]: An uncaught runtime exception has occurred: null
[ERROR]: Use '-debug' option for more details

Error output: [ERROR]: An uncaught runtime exception has occurred: null
[ERROR]: Use '-debug' option for more details

Error output: [ERROR]: An uncaught runtime exception has occurred: null
[ERROR]: Use '-debug' option for more details

Error output: [ERROR]: An uncaught runtime exception has occurred: null
[ERROR]: Use '-debug' option for more details

Error output: [ERROR]: An uncaught runtime exception has occurred: null
[ERROR]: Use '-debug' option for more details

Error output: [ERROR]: An uncaught runtime exception has occurred: null
[ERROR]: Use '-debug' option for more details

Error output: [ERROR]: An uncaught runtime exception has occurred: null
[ERROR]: Use '-debug' option for more details

Error output: [ERROR]: An uncaught runtime exception has occurred: null
[ERROR]: Use '-debug' option for more details

Error output: [ERROR]: An uncaught runtime exception has occurred: null
[ERROR]: Use '-debug' option for more details

Error output: [ERROR]: An uncaught runtime exception has occurred: null
[ERROR]: Use '-debug' option for more details

Error output: [ERROR]: An uncaught runtime exception has occurred: null
[ERROR]: Use '-debug' option for more details

Error output: [ERROR]: An uncaught runtime exception has occurred: null
[ERROR]: Use '-debug' option for more details

Error output: [ERROR]: An uncaught runtime exception has occurred: null
[ERROR]: Use '-debug' option for more details

Error output: [ERROR]: An uncaught runtime exception has occurred: null
[ERROR]: Use '-debug' option for more details

Error output: [ERROR]: An uncaught runtime exception has occurred: null
[ERROR]: Use '-debug' option for more details

Error output: [ERROR]: An uncaught runtime exception has occurred: null
[ERROR]: Use '-debug' option for more details

Error output: [ERROR]: An uncaught runtime exception has occurred: null
[ERROR]: Use '-debug' option for more details

Error output: [ERROR]: An uncaught runtime exception has occurred: null
[ERROR]: Use '-debug' option for more details

Error output: [ERROR]: An uncaught runtime exception has occurred: null
[ERROR]: Use '-debug' option for more details

Error output: [ERROR]: An uncaught runtime exception has occurred: null
[ERROR]: Use '-debug' option for more details

Error output: [ERROR]: An uncaught runtime exception has occurred: null
[ERROR]: Use '-debug' option for more details

Error output: 
Error output: 
